<?xml version="1.0" encoding="UTF-8"?>
<!-- Generated by org.testng.reporters.JUnitReportReporter -->
<testsuite hostname="MittalComputer" failures="0" tests="1" name="com.crm.qa.testcases.LoginPageTest" time="12.220" errors="0" timestamp="2020-11-02T17:17:58 EST" skipped="0">
  <testcase classname="com.crm.qa.testcases.LoginPageTest" name="loginTest" time="12.220"/>
  <system-out/>
</testsuite> <!-- com.crm.qa.testcases.LoginPageTest -->
