<?xml version="1.0" encoding="UTF-8"?>
<!-- Generated by org.testng.reporters.JUnitReportReporter -->
<testsuite hostname="MittalComputer" failures="0" tests="3" name="com.crm.qa.testcases.HomePageTest" time="24.973" errors="0" timestamp="2020-11-02T15:01:48 EST" skipped="0">
  <testcase classname="com.crm.qa.testcases.HomePageTest" name="verifyHomePageTitleTest" time="8.233"/>
  <system-out/>
  <testcase classname="com.crm.qa.testcases.HomePageTest" name="verifyUserNameTest" time="8.311"/>
  <system-out/>
  <testcase classname="com.crm.qa.testcases.HomePageTest" name="verifycontactsLinkTest" time="8.429"/>
  <system-out/>
</testsuite> <!-- com.crm.qa.testcases.HomePageTest -->
