<?xml version="1.0" encoding="UTF-8"?>
<!-- Generated by org.testng.reporters.JUnitReportReporter -->
<testsuite hostname="MittalComputer" failures="0" tests="3" name="com.crm.qa.testcases.HomePageTest" time="29.635" errors="0" timestamp="2020-11-02T17:03:53 EST" skipped="0">
  <testcase classname="com.crm.qa.testcases.HomePageTest" name="verifyHomePageTitleTest" time="9.429"/>
  <system-out/>
  <testcase classname="com.crm.qa.testcases.HomePageTest" name="verifyUserNameTest" time="9.184"/>
  <system-out/>
  <testcase classname="com.crm.qa.testcases.HomePageTest" name="verifycontactsLinkTest" time="11.022"/>
  <system-out/>
</testsuite> <!-- com.crm.qa.testcases.HomePageTest -->
