<?xml version="1.0" encoding="UTF-8"?>
<!-- Generated by org.testng.reporters.JUnitReportReporter -->
<testsuite hostname="MittalComputer" failures="0" tests="2" name="com.crm.qa.testcases.LoginPageTest" time="16.241" errors="0" timestamp="2020-11-02T17:03:53 EST" skipped="0">
  <testcase classname="com.crm.qa.testcases.LoginPageTest" name="loginPageTitleTest" time="8.225"/>
  <system-out/>
  <testcase classname="com.crm.qa.testcases.LoginPageTest" name="loginTest" time="8.016"/>
  <system-out/>
</testsuite> <!-- com.crm.qa.testcases.LoginPageTest -->
